<!DOCTYPE html PUBLIC "-//W3C//DTD XHTML 1.1//EN" "http://www.w3.org/TR/xhtml11/DTD/xhtml11.dtd">
<html xmlns="http://www.w3.org/1999/xhtml"><head><title>TestNG Report</title><style type="text/css">table {margin-bottom:10px;border-collapse:collapse;empty-cells:show}th,td {border:1px solid #009;padding:.25em .5em}th {vertical-align:bottom}td {vertical-align:top}table a {font-weight:bold}.stripe td {background-color: #E6EBF9}.num {text-align:right}.passedodd td {background-color: #3F3}.passedeven td {background-color: #0A0}.skippedodd td {background-color: #DDD}.skippedeven td {background-color: #CCC}.failedodd td,.attn {background-color: #F33}.failedeven td,.stripe .attn {background-color: #D00}.stacktrace {white-space:pre;font-family:monospace}.totop {font-size:85%;text-align:center;border-bottom:2px solid #000}</style></head><body><table><tr><th>Test</th><th># Passed</th><th># Skipped</th><th># Failed</th><th>Time (ms)</th><th>Included Groups</th><th>Excluded Groups</th></tr><tr><th colspan="7">First Suite</th></tr><tr><td><a href="#t0">Login Test</a></td><td class="num">0</td><td class="num attn">1</td><td class="num">0</td><td class="num">435</td><td></td><td></td></tr><tr class="stripe"><td><a href="#t1">CreateAttribute Test</a></td><td class="num">0</td><td class="num">0</td><td class="num attn">1</td><td class="num">16</td><td></td><td></td></tr><tr><td><a href="#t2">DeleteAttribute Test</a></td><td class="num">0</td><td class="num attn">1</td><td class="num">0</td><td class="num">3</td><td></td><td></td></tr><tr class="stripe"><td><a href="#t3">CreateAttributeGroup Test</a></td><td class="num">0</td><td class="num attn">1</td><td class="num">0</td><td class="num">4</td><td></td><td></td></tr><tr><td><a href="#t4">DeleteAttributeGroup Test</a></td><td class="num">0</td><td class="num attn">1</td><td class="num">0</td><td class="num">77</td><td></td><td></td></tr><tr class="stripe"><td><a href="#t5">CreateContact Test</a></td><td class="num">0</td><td class="num attn">1</td><td class="num">0</td><td class="num">5</td><td></td><td></td></tr><tr><th>Total</th><th class="num">0</th><th class="num attn">5</th><th class="num attn">1</th><th class="num">540</th><th colspan="2"></th></tr></table><table><thead><tr><th>Class</th><th>Method</th><th>Start</th><th>Time (ms)</th></tr></thead><tbody><tr><th colspan="4">First Suite</th></tr></tbody><tbody id="t0"><tr><th colspan="4">Login Test &#8212; skipped</th></tr><tr class="skippedeven"><td rowspan="1">com.tagrem.cars.test.CarsNewTest</td><td><a href="#m0">login</a></td><td rowspan="1">1456409288944</td><td rowspan="1">1</td></tr></tbody><tbody id="t1"><tr><th colspan="4">CreateAttribute Test &#8212; failed</th></tr><tr class="failedeven"><td rowspan="1">com.tagrem.cars.test.CarsNewTest</td><td><a href="#m1">createAttribute</a></td><td rowspan="1">1456409289150</td><td rowspan="1">0</td></tr></tbody><tbody id="t2"><tr><th colspan="4">DeleteAttribute Test &#8212; skipped</th></tr><tr class="skippedeven"><td rowspan="1">com.tagrem.cars.test.CarsNewTest</td><td><a href="#m2">deleteAttribute</a></td><td rowspan="1">1456409289166</td><td rowspan="1">1</td></tr></tbody><tbody id="t3"><tr><th colspan="4">CreateAttributeGroup Test &#8212; skipped</th></tr><tr class="skippedeven"><td rowspan="1">com.tagrem.cars.test.CarsNewTest</td><td><a href="#m3">createAttributeGroup</a></td><td rowspan="1">1456409289190</td><td rowspan="1">0</td></tr></tbody><tbody id="t4"><tr><th colspan="4">DeleteAttributeGroup Test &#8212; skipped</th></tr><tr class="skippedeven"><td rowspan="1">com.tagrem.cars.test.CarsNewTest</td><td><a href="#m4">deleteAttributeGroup</a></td><td rowspan="1">1456409289238</td><td rowspan="1">74</td></tr></tbody><tbody id="t5"><tr><th colspan="4">CreateContact Test &#8212; failed (configuration methods)</th></tr><tr class="failedeven"><td rowspan="1">com.tagrem.cars.test.CarsNewTest</td><td><a href="#m5">setUp</a></td><td rowspan="1">1456409276324</td><td rowspan="1">0</td></tr><tr><th colspan="4">CreateContact Test &#8212; skipped (configuration methods)</th></tr><tr class="skippedeven"><td rowspan="1">com.tagrem.cars.test.CarsNewTest</td><td><a href="#m6">tearDown</a></td><td rowspan="1">1456409289439</td><td rowspan="1">0</td></tr><tr><th colspan="4">CreateContact Test &#8212; skipped</th></tr><tr class="skippedeven"><td rowspan="1">com.tagrem.cars.test.CarsNewTest</td><td><a href="#m7">createContact</a></td><td rowspan="1">1456409289348</td><td rowspan="1">1</td></tr></tbody></table><h2>Login Test</h2><h3 id="m0">com.tagrem.cars.test.CarsNewTest#login</h3><table class="result"><tr class="param"><th>Parameter #1</th><th>Parameter #2</th></tr><tr class="param stripe"><td>testing</td><td>12345</td></tr></table><p class="totop"><a href="#summary">back to summary</a></p><h2>CreateAttribute Test</h2><h3 id="m1">com.tagrem.cars.test.CarsNewTest#createAttribute</h3><table class="result"><tr><th>Exception</th></tr><tr><td><div class="stacktrace">java.lang.NullPointerException
	at java.util.concurrent.ThreadPoolExecutor.runWorker(Unknown Source)
	at java.util.concurrent.ThreadPoolExecutor$Worker.run(Unknown Source)
	at java.lang.Thread.run(Unknown Source)
... Removed 7 stack frames</div></td></tr></table><p class="totop"><a href="#summary">back to summary</a></p><h2>DeleteAttribute Test</h2><h3 id="m2">com.tagrem.cars.test.CarsNewTest#deleteAttribute</h3><table class="result"></table><p class="totop"><a href="#summary">back to summary</a></p><h2>CreateAttributeGroup Test</h2><h3 id="m3">com.tagrem.cars.test.CarsNewTest#createAttributeGroup</h3><table class="result"></table><p class="totop"><a href="#summary">back to summary</a></p><h2>DeleteAttributeGroup Test</h2><h3 id="m4">com.tagrem.cars.test.CarsNewTest#deleteAttributeGroup</h3><table class="result"></table><p class="totop"><a href="#summary">back to summary</a></p><h2>CreateContact Test</h2><h3 id="m5">com.tagrem.cars.test.CarsNewTest#setUp</h3><table class="result"><tr><th>Exception</th></tr><tr><td><div class="stacktrace">org.openqa.selenium.remote.UnreachableBrowserException: Error communicating with the remote browser. It may have died.
Build info: version: &apos;2.48.2&apos;, revision: &apos;41bccdd10cf2c0560f637404c2d96164b67d9d67&apos;, time: &apos;2015-10-09 13:08:06&apos;
System info: host: &apos;VAIO&apos;, ip: &apos;10.0.1.178&apos;, os.name: &apos;Windows 8.1&apos;, os.arch: &apos;amd64&apos;, os.version: &apos;6.3&apos;, java.version: &apos;1.7.0_79&apos;
Driver info: driver.version: RemoteWebDriver
	at org.openqa.selenium.remote.RemoteWebDriver.execute(RemoteWebDriver.java:641)
	at org.openqa.selenium.remote.RemoteWebDriver.get(RemoteWebDriver.java:311)
	at com.tagrem.cars.test.LoginPO.load(LoginPO.java:52)
	at org.openqa.selenium.support.ui.LoadableComponent.get(LoadableComponent.java:49)
	at com.tagrem.cars.test.CarsNewTest.setUp(CarsNewTest.java:80)
Caused by: org.apache.http.conn.HttpHostConnectException: Connect to 127.0.0.1:7055 [/127.0.0.1] failed: Connection refused: connect
	at org.apache.http.impl.conn.DefaultHttpClientConnectionOperator.connect(DefaultHttpClientConnectionOperator.java:151)
	at org.apache.http.impl.conn.PoolingHttpClientConnectionManager.connect(PoolingHttpClientConnectionManager.java:353)
	at org.apache.http.impl.execchain.MainClientExec.establishRoute(MainClientExec.java:380)
	at org.apache.http.impl.execchain.MainClientExec.execute(MainClientExec.java:236)
	at org.apache.http.impl.execchain.ProtocolExec.execute(ProtocolExec.java:184)
	at org.apache.http.impl.execchain.RetryExec.execute(RetryExec.java:88)
	at org.apache.http.impl.execchain.RedirectExec.execute(RedirectExec.java:110)
	at org.apache.http.impl.client.InternalHttpClient.doExecute(InternalHttpClient.java:184)
	at org.apache.http.impl.client.CloseableHttpClient.execute(CloseableHttpClient.java:71)
	at org.apache.http.impl.client.CloseableHttpClient.execute(CloseableHttpClient.java:55)
	at org.openqa.selenium.remote.internal.ApacheHttpClient.fallBackExecute(ApacheHttpClient.java:161)
	at org.openqa.selenium.remote.internal.ApacheHttpClient.execute(ApacheHttpClient.java:89)
	at org.openqa.selenium.remote.HttpCommandExecutor.execute(HttpCommandExecutor.java:142)
	at org.openqa.selenium.firefox.internal.NewProfileExtensionConnection.execute(NewProfileExtensionConnection.java:170)
	at org.openqa.selenium.firefox.FirefoxDriver$LazyCommandExecutor.execute(FirefoxDriver.java:380)
	at org.openqa.selenium.remote.RemoteWebDriver.execute(RemoteWebDriver.java:620)
	... 22 more
Caused by: java.net.ConnectException: Connection refused: connect
	at java.net.DualStackPlainSocketImpl.waitForConnect(Native Method)
	at java.net.DualStackPlainSocketImpl.socketConnect(Unknown Source)
	at java.net.AbstractPlainSocketImpl.doConnect(Unknown Source)
	at java.net.AbstractPlainSocketImpl.connectToAddress(Unknown Source)
	at java.net.AbstractPlainSocketImpl.connect(Unknown Source)
	at java.net.PlainSocketImpl.connect(Unknown Source)
	at java.net.SocksSocketImpl.connect(Unknown Source)
	at java.net.Socket.connect(Unknown Source)
	at org.apache.http.conn.socket.PlainConnectionSocketFactory.connectSocket(PlainConnectionSocketFactory.java:74)
	at org.apache.http.impl.conn.DefaultHttpClientConnectionOperator.connect(DefaultHttpClientConnectionOperator.java:134)
	... 37 more
... Removed 18 stack frames</div></td></tr></table><p class="totop"><a href="#summary">back to summary</a></p><h3 id="m6">com.tagrem.cars.test.CarsNewTest#tearDown</h3><table class="result"></table><p class="totop"><a href="#summary">back to summary</a></p><h3 id="m7">com.tagrem.cars.test.CarsNewTest#createContact</h3><table class="result"></table><p class="totop"><a href="#summary">back to summary</a></p></body></html>