<?xml version="1.0" encoding="UTF-8"?>
<testng-results skipped="5" failed="1" total="6" passed="0">
  <reporter-output>
  </reporter-output>
  <suite name="First Suite" duration-ms="824" started-at="2016-02-25T14:08:08Z" finished-at="2016-02-25T14:08:09Z">
    <groups>
    </groups>
    <test name="Login Test" duration-ms="435" started-at="2016-02-25T14:08:08Z" finished-at="2016-02-25T14:08:08Z">
      <class name="com.tagrem.cars.test.CarsNewTest">
        <test-method status="SKIP" signature="login(java.lang.String, java.lang.String)[pri:0, instance:com.tagrem.cars.test.CarsNewTest@581b236]" name="login" duration-ms="1" started-at="2016-02-25T19:38:08Z" data-provider="dp" finished-at="2016-02-25T19:38:08Z">
          <params>
            <param index="0">
              <value>
                <![CDATA[testing]]>
              </value>
            </param>
            <param index="1">
              <value>
                <![CDATA[12345]]>
              </value>
            </param>
          </params>
          <reporter-output>
          </reporter-output>
        </test-method> <!-- login -->
      </class> <!-- com.tagrem.cars.test.CarsNewTest -->
    </test> <!-- Login Test -->
    <test name="CreateAttribute Test" duration-ms="16" started-at="2016-02-25T14:08:09Z" finished-at="2016-02-25T14:08:09Z">
      <class name="com.tagrem.cars.test.CarsNewTest">
        <test-method status="FAIL" signature="createAttribute(java.lang.String)[pri:0, instance:com.tagrem.cars.test.CarsNewTest@25d480f6]" name="createAttribute" duration-ms="0" started-at="2016-02-25T19:38:09Z" data-provider="dp1" finished-at="2016-02-25T19:38:09Z">
          <exception class="java.lang.NullPointerException">
            <full-stacktrace>
              <![CDATA[java.lang.NullPointerException
	at org.testng.internal.MethodInvocationHelper.invokeDataProvider(MethodInvocationHelper.java:149)
	at org.testng.internal.Parameters.handleParameters(Parameters.java:429)
	at org.testng.internal.Invoker.handleParameters(Invoker.java:1383)
	at org.testng.internal.Invoker.createParameters(Invoker.java:1075)
	at org.testng.internal.Invoker.invokeTestMethods(Invoker.java:1180)
	at org.testng.internal.TestMethodWorker.invokeTestMethods(TestMethodWorker.java:127)
	at org.testng.internal.TestMethodWorker.run(TestMethodWorker.java:111)
	at java.util.concurrent.ThreadPoolExecutor.runWorker(Unknown Source)
	at java.util.concurrent.ThreadPoolExecutor$Worker.run(Unknown Source)
	at java.lang.Thread.run(Unknown Source)
]]>
            </full-stacktrace>
          </exception> <!-- java.lang.NullPointerException -->
          <reporter-output>
          </reporter-output>
        </test-method> <!-- createAttribute -->
      </class> <!-- com.tagrem.cars.test.CarsNewTest -->
    </test> <!-- CreateAttribute Test -->
    <test name="DeleteAttribute Test" duration-ms="3" started-at="2016-02-25T14:08:09Z" finished-at="2016-02-25T14:08:09Z">
      <class name="com.tagrem.cars.test.CarsNewTest">
        <test-method status="SKIP" signature="deleteAttribute()[pri:0, instance:com.tagrem.cars.test.CarsNewTest@1b1d11dc]" name="deleteAttribute" duration-ms="1" started-at="2016-02-25T19:38:09Z" finished-at="2016-02-25T19:38:09Z">
          <reporter-output>
          </reporter-output>
        </test-method> <!-- deleteAttribute -->
      </class> <!-- com.tagrem.cars.test.CarsNewTest -->
    </test> <!-- DeleteAttribute Test -->
    <test name="CreateAttributeGroup Test" duration-ms="4" started-at="2016-02-25T14:08:09Z" finished-at="2016-02-25T14:08:09Z">
      <class name="com.tagrem.cars.test.CarsNewTest">
        <test-method status="SKIP" signature="createAttributeGroup()[pri:0, instance:com.tagrem.cars.test.CarsNewTest@5d221bc6]" name="createAttributeGroup" duration-ms="0" started-at="2016-02-25T19:38:09Z" finished-at="2016-02-25T19:38:09Z">
          <reporter-output>
          </reporter-output>
        </test-method> <!-- createAttributeGroup -->
      </class> <!-- com.tagrem.cars.test.CarsNewTest -->
    </test> <!-- CreateAttributeGroup Test -->
    <test name="DeleteAttributeGroup Test" duration-ms="77" started-at="2016-02-25T14:08:09Z" finished-at="2016-02-25T14:08:09Z">
      <class name="com.tagrem.cars.test.CarsNewTest">
        <test-method status="SKIP" signature="deleteAttributeGroup()[pri:0, instance:com.tagrem.cars.test.CarsNewTest@36291568]" name="deleteAttributeGroup" duration-ms="74" started-at="2016-02-25T19:38:09Z" finished-at="2016-02-25T19:38:09Z">
          <reporter-output>
          </reporter-output>
        </test-method> <!-- deleteAttributeGroup -->
      </class> <!-- com.tagrem.cars.test.CarsNewTest -->
    </test> <!-- DeleteAttributeGroup Test -->
    <test name="CreateContact Test" duration-ms="5" started-at="2016-02-25T14:08:09Z" finished-at="2016-02-25T14:08:09Z">
      <class name="com.tagrem.cars.test.CarsNewTest">
        <test-method status="FAIL" signature="setUp()[pri:0, instance:com.tagrem.cars.test.CarsNewTest@672a3be5]" name="setUp" is-config="true" duration-ms="0" started-at="2016-02-25T19:37:56Z" finished-at="2016-02-25T19:37:56Z">
          <exception class="org.openqa.selenium.remote.UnreachableBrowserException">
            <message>
              <![CDATA[Error communicating with the remote browser. It may have died.
Build info: version: '2.48.2', revision: '41bccdd10cf2c0560f637404c2d96164b67d9d67', time: '2015-10-09 13:08:06'
System info: host: 'VAIO', ip: '10.0.1.178', os.name: 'Windows 8.1', os.arch: 'amd64', os.version: '6.3', java.version: '1.7.0_79'
Driver info: driver.version: RemoteWebDriver]]>
            </message>
            <full-stacktrace>
              <![CDATA[org.openqa.selenium.remote.UnreachableBrowserException: Error communicating with the remote browser. It may have died.
Build info: version: '2.48.2', revision: '41bccdd10cf2c0560f637404c2d96164b67d9d67', time: '2015-10-09 13:08:06'
System info: host: 'VAIO', ip: '10.0.1.178', os.name: 'Windows 8.1', os.arch: 'amd64', os.version: '6.3', java.version: '1.7.0_79'
Driver info: driver.version: RemoteWebDriver
	at org.openqa.selenium.remote.RemoteWebDriver.execute(RemoteWebDriver.java:641)
	at org.openqa.selenium.remote.RemoteWebDriver.get(RemoteWebDriver.java:311)
	at com.tagrem.cars.test.LoginPO.load(LoginPO.java:52)
	at org.openqa.selenium.support.ui.LoadableComponent.get(LoadableComponent.java:49)
	at com.tagrem.cars.test.CarsNewTest.setUp(CarsNewTest.java:80)
	at sun.reflect.NativeMethodAccessorImpl.invoke0(Native Method)
	at sun.reflect.NativeMethodAccessorImpl.invoke(Unknown Source)
	at sun.reflect.DelegatingMethodAccessorImpl.invoke(Unknown Source)
	at java.lang.reflect.Method.invoke(Unknown Source)
	at org.testng.internal.MethodInvocationHelper.invokeMethod(MethodInvocationHelper.java:84)
	at org.testng.internal.Invoker.invokeConfigurationMethod(Invoker.java:564)
	at org.testng.internal.Invoker.invokeConfigurations(Invoker.java:213)
	at org.testng.internal.Invoker.invokeConfigurations(Invoker.java:138)
	at org.testng.SuiteRunner.privateRun(SuiteRunner.java:291)
	at org.testng.SuiteRunner.run(SuiteRunner.java:254)
	at org.testng.SuiteRunnerWorker.runSuite(SuiteRunnerWorker.java:52)
	at org.testng.SuiteRunnerWorker.run(SuiteRunnerWorker.java:86)
	at org.testng.TestNG.runSuitesSequentially(TestNG.java:1224)
	at org.testng.TestNG.runSuitesLocally(TestNG.java:1149)
	at org.testng.TestNG.run(TestNG.java:1057)
	at org.testng.remote.RemoteTestNG.run(RemoteTestNG.java:111)
	at org.testng.remote.RemoteTestNG.initAndRun(RemoteTestNG.java:204)
	at org.testng.remote.RemoteTestNG.main(RemoteTestNG.java:175)
Caused by: org.apache.http.conn.HttpHostConnectException: Connect to 127.0.0.1:7055 [/127.0.0.1] failed: Connection refused: connect
	at org.apache.http.impl.conn.DefaultHttpClientConnectionOperator.connect(DefaultHttpClientConnectionOperator.java:151)
	at org.apache.http.impl.conn.PoolingHttpClientConnectionManager.connect(PoolingHttpClientConnectionManager.java:353)
	at org.apache.http.impl.execchain.MainClientExec.establishRoute(MainClientExec.java:380)
	at org.apache.http.impl.execchain.MainClientExec.execute(MainClientExec.java:236)
	at org.apache.http.impl.execchain.ProtocolExec.execute(ProtocolExec.java:184)
	at org.apache.http.impl.execchain.RetryExec.execute(RetryExec.java:88)
	at org.apache.http.impl.execchain.RedirectExec.execute(RedirectExec.java:110)
	at org.apache.http.impl.client.InternalHttpClient.doExecute(InternalHttpClient.java:184)
	at org.apache.http.impl.client.CloseableHttpClient.execute(CloseableHttpClient.java:71)
	at org.apache.http.impl.client.CloseableHttpClient.execute(CloseableHttpClient.java:55)
	at org.openqa.selenium.remote.internal.ApacheHttpClient.fallBackExecute(ApacheHttpClient.java:161)
	at org.openqa.selenium.remote.internal.ApacheHttpClient.execute(ApacheHttpClient.java:89)
	at org.openqa.selenium.remote.HttpCommandExecutor.execute(HttpCommandExecutor.java:142)
	at org.openqa.selenium.firefox.internal.NewProfileExtensionConnection.execute(NewProfileExtensionConnection.java:170)
	at org.openqa.selenium.firefox.FirefoxDriver$LazyCommandExecutor.execute(FirefoxDriver.java:380)
	at org.openqa.selenium.remote.RemoteWebDriver.execute(RemoteWebDriver.java:620)
	... 22 more
Caused by: java.net.ConnectException: Connection refused: connect
	at java.net.DualStackPlainSocketImpl.waitForConnect(Native Method)
	at java.net.DualStackPlainSocketImpl.socketConnect(Unknown Source)
	at java.net.AbstractPlainSocketImpl.doConnect(Unknown Source)
	at java.net.AbstractPlainSocketImpl.connectToAddress(Unknown Source)
	at java.net.AbstractPlainSocketImpl.connect(Unknown Source)
	at java.net.PlainSocketImpl.connect(Unknown Source)
	at java.net.SocksSocketImpl.connect(Unknown Source)
	at java.net.Socket.connect(Unknown Source)
	at org.apache.http.conn.socket.PlainConnectionSocketFactory.connectSocket(PlainConnectionSocketFactory.java:74)
	at org.apache.http.impl.conn.DefaultHttpClientConnectionOperator.connect(DefaultHttpClientConnectionOperator.java:134)
	... 37 more
]]>
            </full-stacktrace>
          </exception> <!-- org.openqa.selenium.remote.UnreachableBrowserException -->
          <reporter-output>
          </reporter-output>
        </test-method> <!-- setUp -->
        <test-method status="SKIP" signature="createContact()[pri:0, instance:com.tagrem.cars.test.CarsNewTest@672a3be5]" name="createContact" duration-ms="1" started-at="2016-02-25T19:38:09Z" finished-at="2016-02-25T19:38:09Z">
          <reporter-output>
          </reporter-output>
        </test-method> <!-- createContact -->
        <test-method status="SKIP" signature="tearDown()[pri:0, instance:com.tagrem.cars.test.CarsNewTest@672a3be5]" name="tearDown" is-config="true" duration-ms="0" started-at="2016-02-25T19:38:09Z" finished-at="2016-02-25T19:38:09Z">
          <reporter-output>
          </reporter-output>
        </test-method> <!-- tearDown -->
      </class> <!-- com.tagrem.cars.test.CarsNewTest -->
    </test> <!-- CreateContact Test -->
  </suite> <!-- First Suite -->
</testng-results>
